This is pdfTeX, Version 3.141592653-2.6-1.40.22 (TeX Live 2022/dev/Debian) (preloaded format=pdflatex 2022.9.13)  2 OCT 2022 22:13
entering extended mode
 restricted \write18 enabled.
 %&-line parsing enabled.
**"Title Page Uni.tex"
(./Title Page Uni.tex
LaTeX2e <2021-11-15> patch level 1
L3 programming layer <2022-01-21>

! LaTeX Error: Environment titlepage undefined.

See the LaTeX manual or LaTeX Companion for explanation.
Type  H <return>  for immediate help.
 ...                                              
                                                  
l.3 \begin{titlepage}
                     
Your command was ignored.
Type  I <command> <return>  to replace it with another command,
or  <return>  to continue without it.


! LaTeX Error: Missing \begin{document}.

See the LaTeX manual or LaTeX Companion for explanation.
Type  H <return>  for immediate help.
 ...                                              
                                                  
l.4     \begin{center}
                      
You're in trouble here.  Try typing  <return>  to proceed.
If that doesn't work, type  X <return>  to quit.


Overfull \hbox (20.0pt too wide) in paragraph at lines 4--4
[] 
 []

! Undefined control sequence.
l.10         \huge
                  
The control sequence at the end of the top line
of your error message was never \def'ed. If you have
misspelled it (e.g., `\hobx'), type `I' and the correct
spelling (e.g., `I\hbox'). Otherwise just continue,
and I'll forget about whatever was undefined.


Overfull \hbox (22.63864pt too wide) in paragraph at lines 12--13
 \OT1/cmr/bx/it/10 PCS 
 []


Overfull \hbox (17.73312pt too wide) in paragraph at lines 12--13
 \OT1/cmr/bx/it/10 211 
 []


Overfull \hbox (17.62201pt too wide) in paragraph at lines 12--13
 \OT1/cmr/bx/it/10 Lab 
 []


Overfull \hbox (5.91104pt too wide) in paragraph at lines 12--13
 \OT1/cmr/bx/it/10 2 
 []


Overfull \hbox (3.55553pt too wide) in paragraph at lines 12--13
 \OT1/cmr/bx/it/10 : 
 []


Overfull \hbox (35.25797pt too wide) in paragraph at lines 12--13
 \OT1/cmr/bx/it/10 Graph- 
 []


Overfull \hbox (7.69994pt too wide) in paragraph at lines 12--13
 \OT1/cmr/bx/it/10 i- 
 []


Overfull \hbox (13.61093pt too wide) in paragraph at lines 12--13
 \OT1/cmr/bx/it/10 cal 
 []


Overfull \hbox (27.88304pt too wide) in paragraph at lines 12--13
 \OT1/cmr/bx/it/10 Anal- 
 []


Overfull \hbox (9.76103pt too wide) in paragraph at lines 12--13
 \OT1/cmr/bx/it/10 y- 
 []


Overfull \hbox (13.29433pt too wide) in paragraph at lines 12--13
 \OT1/cmr/bx/it/10 sis 
 []


Overfull \hbox (9.91106pt too wide) in paragraph at lines 12--13
 \OT1/cmr/bx/it/10 of 
 []


Overfull \hbox (28.47194pt too wide) in paragraph at lines 12--13
 \OT1/cmr/bx/it/10 Kine- 
 []


Overfull \hbox (23.34976pt too wide) in paragraph at lines 12--13
 \OT1/cmr/bx/it/10 mat- 
 []


Overfull \hbox (14.56375pt too wide) in paragraph at lines 12--13
 \OT1/cmr/bx/it/10 ics 
 []

! Undefined control sequence.
l.25         \LARGE
                   
The control sequence at the end of the top line
of your error message was never \def'ed. If you have
misspelled it (e.g., `\hobx'), type `I' and the correct
spelling (e.g., `I\hbox'). Otherwise just continue,
and I'll forget about whatever was undefined.


Overfull \hbox (54.32454pt too wide) in paragraph at lines 29--30
 []\OT1/cmr/bx/it/10 Instructor\OT1/cmr/m/it/10 : 
 []


Overfull \hbox (14.83322pt too wide) in paragraph at lines 29--30
 \OT1/cmr/m/it/10 Dr. 
 []


Overfull \hbox (23.53368pt too wide) in paragraph at lines 29--30
 \OT1/cmr/m/it/10 Yuan 
 []


Overfull \hbox (18.7998pt too wide) in paragraph at lines 31--32
 []\OT1/cmr/bx/it/10 TA\OT1/cmr/m/it/10 : 
 []


Overfull \hbox (15.72768pt too wide) in paragraph at lines 31--32
 \OT1/cmr/m/it/10 Ba- 
 []


Overfull \hbox (23.63872pt too wide) in paragraph at lines 31--32
 \OT1/cmr/m/it/10 hareh 
 []


Overfull \hbox (38.58862pt too wide) in paragraph at lines 31--32
 \OT1/cmr/m/it/10 Chaichy- 
 []


Overfull \hbox (20.37068pt too wide) in paragraph at lines 31--32
 \OT1/cmr/m/it/10 pour 
 []


Overfull \hbox (39.43848pt too wide) in paragraph at lines 33--34
 []\OT1/cmr/bx/it/10 Section\OT1/cmr/m/it/10 : 
 []


Overfull \hbox (11.57773pt too wide) in paragraph at lines 33--34
 \OT1/cmr/m/it/10 45 
 []


Overfull \hbox (57.99379pt too wide) in paragraph at lines 37--38
 []\OT1/cmr/bx/it/10 Mohammed 
 []


Overfull \hbox (22.17201pt too wide) in paragraph at lines 37--38
 \OT1/cmr/bx/it/10 Say- 
 []


Overfull \hbox (15.37756pt too wide) in paragraph at lines 37--38
 \OT1/cmr/bx/it/10 eed 
 []


Overfull \hbox (42.53568pt too wide) in paragraph at lines 37--38
 \OT1/cmr/bx/it/10 Ahamad 
 []

! Undefined control sequence.
l.41         \Large
                   
The control sequence at the end of the top line
of your error message was never \def'ed. If you have
misspelled it (e.g., `\hobx'), type `I' and the correct
spelling (e.g., `I\hbox'). Otherwise just continue,
and I'll forget about whatever was undefined.

! Undefined control sequence.
l.47 		\Large
             		
The control sequence at the end of the top line
of your error message was never \def'ed. If you have
misspelled it (e.g., `\hobx'), type `I' and the correct
spelling (e.g., `I\hbox'). Otherwise just continue,
and I'll forget about whatever was undefined.


Overfull \hbox (38.13849pt too wide) in paragraph at lines 51--52
 []\OT1/cmr/bx/it/10 Student 
 []


Overfull \hbox (28.75528pt too wide) in paragraph at lines 51--52
 \OT1/cmr/bx/it/10 Num- 
 []


Overfull \hbox (18.13872pt too wide) in paragraph at lines 51--52
 \OT1/cmr/bx/it/10 ber\OT1/cmr/m/it/10 : 
 []


Overfull \hbox (47.35532pt too wide) in paragraph at lines 51--52
 \OT1/cmr/m/it/10 501209136 
 []

! Undefined control sequence.
l.55         \Large
                   
The control sequence at the end of the top line
of your error message was never \def'ed. If you have
misspelled it (e.g., `\hobx'), type `I' and the correct
spelling (e.g., `I\hbox'). Otherwise just continue,
and I'll forget about whatever was undefined.


! LaTeX Error: \begin{document} ended by \end{titlepage}.

See the LaTeX manual or LaTeX Companion for explanation.
Type  H <return>  for immediate help.
 ...                                              
                                                  
l.63 \end{titlepage}
                    
Your command was ignored.
Type  I <command> <return>  to replace it with another command,
or  <return>  to continue without it.

)
! Emergency stop.
<*> "Title Page Uni.tex"
                        
*** (job aborted, no legal \end found)

 
Here is how much of TeX's memory you used:
 22 strings out of 480129
 489 string characters out of 5893409
 285356 words of memory out of 5000000
 18080 multiletter control sequences out of 15000+600000
 469964 words of font info for 30 fonts, out of 8000000 for 9000
 81 hyphenation exceptions out of 8191
 15i,1n,12p,219b,164s stack positions out of 5000i,500n,10000p,200000b,80000s
!  ==> Fatal error occurred, no output PDF file produced!
