\BOOKMARK [0][-]{chapter.1}{\376\377\000I\000n\000t\000r\000o\000d\000u\000c\000t\000i\000o\000n}{}% 1
\BOOKMARK [0][-]{chapter.2}{\376\377\000T\000h\000e\000o\000r\000y}{}% 2
\BOOKMARK [1][-]{section.2.1}{\376\377\000V\000e\000l\000o\000c\000i\000t\000y\000\040\000M\000e\000a\000s\000u\000m\000e\000n\000t}{chapter.2}% 3
\BOOKMARK [1][-]{section.2.2}{\376\377\000A\000c\000c\000e\000l\000e\000r\000a\000t\000i\000o\000n\000\040\000M\000e\000a\000s\000u\000r\000e\000m\000e\000n\000t}{chapter.2}% 4
\BOOKMARK [0][-]{chapter.3}{\376\377\000M\000a\000t\000e\000r\000i\000a\000l\000s\000\040\000R\000e\000q\000u\000i\000r\000e\000d}{}% 5
\BOOKMARK [0][-]{chapter.4}{\376\377\000P\000r\000o\000c\000e\000d\000u\000r\000e}{}% 6
\BOOKMARK [1][-]{section.4.1}{\376\377\000E\000x\000p\000e\000r\000i\000m\000e\000n\000t\000\040\0001}{chapter.4}% 7
\BOOKMARK [1][-]{section.4.2}{\376\377\000E\000x\000p\000e\000r\000i\000m\000e\000n\000t\000\040\0002}{chapter.4}% 8
\BOOKMARK [1][-]{section.4.3}{\376\377\000E\000x\000p\000e\000r\000i\000m\000e\000n\000t\000\040\0003}{chapter.4}% 9
\BOOKMARK [0][-]{chapter.5}{\376\377\000E\000x\000p\000e\000r\000i\000m\000e\000n\000t\000a\000l\000\040\000D\000a\000t\000a}{}% 10
\BOOKMARK [0][-]{chapter.6}{\376\377\000A\000n\000a\000l\000y\000s\000i\000s}{}% 11
\BOOKMARK [1][-]{section.6.1}{\376\377\000E\000x\000p\000e\000r\000i\000m\000e\000n\000t\000\040\0001}{chapter.6}% 12
\BOOKMARK [2][-]{subsection.6.1.1}{\376\377\000S\000t\000a\000n\000d\000a\000r\000d\000\040\000D\000e\000v\000i\000a\000t\000i\000o\000n\000\040\000o\000f\000\040\000U\000n\000c\000e\000r\000t\000a\000i\000n\000i\000t\000y}{section.6.1}% 13
\BOOKMARK [2][-]{subsection.6.1.2}{\376\377\000P\000r\000e\000d\000i\000c\000t\000e\000d\000\040\000A\000c\000c\000e\000l\000e\000r\000a\000t\000i\000o\000n\000\040\000u\000s\000i\000n\000g\000\040\000g\000s\000i\000n}{section.6.1}% 14
\BOOKMARK [2][-]{subsection.6.1.3}{\376\377\000U\000n\000c\000e\000r\000t\000a\000i\000n\000i\000t\000y}{section.6.1}% 15
\BOOKMARK [1][-]{section.6.2}{\376\377\000E\000x\000p\000e\000r\000i\000m\000e\000n\000t\000\040\0002}{chapter.6}% 16
\BOOKMARK [2][-]{subsection.6.2.1}{\376\377\000E\000x\000p\000e\000r\000i\000m\000e\000n\000t\000a\000l\000\040\000M\000e\000a\000s\000u\000r\000e\000m\000e\000n\000t\000\040\000o\000f\000\040\000A\000c\000c\000e\000l\000e\000r\000a\000t\000i\000o\000n}{section.6.2}% 17
\BOOKMARK [1][-]{section.6.3}{\376\377\000E\000x\000p\000e\000r\000i\000m\000e\000n\000t\000\040\0003}{chapter.6}% 18
\BOOKMARK [2][-]{subsection.6.3.1}{\376\377\000B\000a\000l\000l\000'\000s\000\040\000A\000c\000c\000e\000l\000e\000r\000a\000t\000i\000o\000n\000\040\000w\000h\000i\000l\000e\000\040\000i\000n\000\040\000t\000h\000e\000\040\000a\000i\000r}{section.6.3}% 19
\BOOKMARK [0][-]{chapter.7}{\376\377\000C\000o\000n\000c\000l\000u\000s\000i\000o\000n}{}% 20
\BOOKMARK [0][-]{Item.24}{\376\377\000B\000i\000b\000l\000i\000o\000g\000r\000a\000p\000h\000y}{}% 21
