\BOOKMARK [0][-]{chapter.1}{\376\377\000I\000n\000t\000r\000o\000d\000u\000c\000t\000i\000o\000n}{}% 1
\BOOKMARK [0][-]{chapter.2}{\376\377\000T\000h\000e\000o\000r\000y}{}% 2
\BOOKMARK [1][-]{section.2.1}{\376\377\000M\000a\000s\000s\000\040\000M\000e\000a\000s\000u\000r\000m\000e\000n\000t}{chapter.2}% 3
\BOOKMARK [1][-]{section.2.2}{\376\377\000V\000o\000l\000u\000m\000e\000\040\000M\000e\000a\000s\000u\000r\000e\000m\000e\000n\000t}{chapter.2}% 4
\BOOKMARK [2][-]{subsection.2.2.1}{\376\377\000V\000o\000l\000u\000m\000e\000\040\000M\000e\000a\000s\000u\000r\000e\000m\000e\000n\000t\000\040\000b\000y\000\040\000V\000e\000r\000n\000i\000e\000r\000\040\000C\000a\000l\000i\000p\000e\000r}{section.2.2}% 5
\BOOKMARK [2][-]{subsection.2.2.2}{\376\377\000V\000o\000l\000u\000m\000e\000\040\000M\000e\000a\000s\000u\000r\000e\000m\000e\000n\000t\000\040\000b\000y\000\040\000R\000u\000l\000e\000r}{section.2.2}% 6
\BOOKMARK [2][-]{subsection.2.2.3}{\376\377\000V\000o\000l\000u\000m\000e\000\040\000M\000e\000a\000s\000u\000r\000e\000m\000e\000n\000t\000\040\000b\000y\000\040\000A\000r\000c\000h\000i\000m\000e\000d\000e\000s\000\040\000P\000r\000i\000n\000c\000i\000p\000l\000e}{section.2.2}% 7
\BOOKMARK [1][-]{section.2.3}{\376\377\000D\000e\000n\000s\000i\000t\000y}{chapter.2}% 8
\BOOKMARK [0][-]{chapter.3}{\376\377\000M\000a\000t\000e\000r\000i\000a\000l\000s\000\040\000R\000e\000q\000u\000i\000r\000e\000d}{}% 9
\BOOKMARK [0][-]{chapter.4}{\376\377\000E\000x\000p\000e\000r\000i\000m\000e\000n\000t\000a\000l\000\040\000D\000a\000t\000a}{}% 10
\BOOKMARK [1][-]{section.4.1}{\376\377\000M\000a\000s\000s\000\040\000M\000e\000a\000s\000u\000r\000e\000m\000e\000n\000t}{chapter.4}% 11
\BOOKMARK [1][-]{section.4.2}{\376\377\000V\000o\000l\000u\000m\000e\000\040\000M\000e\000a\000s\000u\000r\000e\000m\000e\000n\000t\000\040\000b\000y\000\040\000V\000e\000r\000n\000i\000e\000r\000\040\000C\000a\000l\000i\000p\000e\000r}{chapter.4}% 12
\BOOKMARK [1][-]{section.4.3}{\376\377\000V\000o\000l\000u\000m\000e\000\040\000M\000e\000a\000s\000u\000r\000e\000m\000e\000n\000t\000\040\000b\000y\000\040\000R\000u\000l\000e\000r}{chapter.4}% 13
\BOOKMARK [1][-]{section.4.4}{\376\377\000V\000o\000l\000u\000m\000e\000\040\000M\000e\000a\000s\000u\000r\000e\000m\000e\000n\000t\000\040\000b\000y\000\040\000A\000r\000c\000h\000i\000m\000e\000d\000e\000s\000\040\000P\000r\000i\000n\000c\000i\000p\000l\000e}{chapter.4}% 14
\BOOKMARK [0][-]{chapter.5}{\376\377\000A\000n\000a\000l\000y\000s\000i\000s}{}% 15
\BOOKMARK [1][-]{section.5.1}{\376\377\000C\000a\000s\000e\000\040\0001\000:\000\040\000D\000e\000n\000s\000i\000t\000y\000\040\000b\000y\000\040\000V\000e\000r\000n\000i\000e\000r\000\040\000C\000a\000l\000i\000p\000e\000r}{chapter.5}% 16
\BOOKMARK [1][-]{section.5.2}{\376\377\000C\000a\000s\000e\000\040\0002\000:\000\040\000D\000e\000n\000s\000i\000t\000y\000\040\000b\000y\000\040\000R\000u\000l\000e\000r}{chapter.5}% 17
\BOOKMARK [1][-]{section.5.3}{\376\377\000C\000a\000s\000e\000\040\0003\000:\000\040\000D\000e\000n\000s\000i\000t\000y\000\040\000b\000y\000\040\000A\000r\000c\000h\000i\000m\000e\000d\000e\000s\000\040\000P\000r\000i\000n\000c\000i\000p\000l\000e}{chapter.5}% 18
\BOOKMARK [0][-]{chapter.6}{\376\377\000E\000v\000a\000l\000u\000a\000t\000i\000o\000n}{}% 19
\BOOKMARK [0][-]{chapter.7}{\376\377\000C\000o\000n\000c\000l\000u\000s\000i\000o\000n}{}% 20
\BOOKMARK [0][-]{chapter.7}{\376\377\000B\000i\000b\000l\000i\000o\000g\000r\000a\000p\000h\000y}{}% 21
