This is pdfTeX, Version 3.141592653-2.6-1.40.22 (TeX Live 2022/dev/Debian) (preloaded format=pdflatex 2022.9.13)  7 MAR 2023 14:10
entering extended mode
 restricted \write18 enabled.
 %&-line parsing enabled.
**"Title Page Uni.tex"
(./Title Page Uni.tex
LaTeX2e <2021-11-15> patch level 1
L3 programming layer <2022-01-21>

! LaTeX Error: Environment titlepage undefined.

See the LaTeX manual or LaTeX Companion for explanation.
Type  H <return>  for immediate help.
 ...                                              
                                                  
l.3 \begin{titlepage}
                     
Your command was ignored.
Type  I <command> <return>  to replace it with another command,
or  <return>  to continue without it.


! LaTeX Error: Missing \begin{document}.

See the LaTeX manual or LaTeX Companion for explanation.
Type  H <return>  for immediate help.
 ...                                              
                                                  
l.4     \begin{center}
                      
You're in trouble here.  Try typing  <return>  to proceed.
If that doesn't work, type  X <return>  to quit.


Overfull \hbox (20.0pt too wide) in paragraph at lines 4--4
[] 
 []

! Undefined control sequence.
l.10         \huge
                  
The control sequence at the end of the top line
of your error message was never \def'ed. If you have
misspelled it (e.g., `\hobx'), type `I' and the correct
spelling (e.g., `I\hbox'). Otherwise just continue,
and I'll forget about whatever was undefined.


Overfull \hbox (22.63864pt too wide) in paragraph at lines 12--13
 \OT1/cmr/bx/it/10 PCS 
 []


Overfull \hbox (17.73312pt too wide) in paragraph at lines 12--13
 \OT1/cmr/bx/it/10 125 
 []


Overfull \hbox (17.62201pt too wide) in paragraph at lines 12--13
 \OT1/cmr/bx/it/10 Lab 
 []


Overfull \hbox (5.91104pt too wide) in paragraph at lines 12--13
 \OT1/cmr/bx/it/10 1 
 []


Overfull \hbox (3.55553pt too wide) in paragraph at lines 12--13
 \OT1/cmr/bx/it/10 : 
 []


Overfull \hbox (32.81633pt too wide) in paragraph at lines 12--13
 \OT1/cmr/bx/it/10 Stand- 
 []


Overfull \hbox (15.37762pt too wide) in paragraph at lines 12--13
 \OT1/cmr/bx/it/10 ing 
 []


Overfull \hbox (33.84131pt too wide) in paragraph at lines 12--13
 \OT1/cmr/bx/it/10 Waves 
 []

! Undefined control sequence.
l.25         \LARGE
                   
The control sequence at the end of the top line
of your error message was never \def'ed. If you have
misspelled it (e.g., `\hobx'), type `I' and the correct
spelling (e.g., `I\hbox'). Otherwise just continue,
and I'll forget about whatever was undefined.


Overfull \hbox (54.32454pt too wide) in paragraph at lines 29--30
 []\OT1/cmr/bx/it/10 Instructor\OT1/cmr/m/it/10 : 
 []


Overfull \hbox (14.83322pt too wide) in paragraph at lines 29--30
 \OT1/cmr/m/it/10 Dr. 
 []


Overfull \hbox (23.53368pt too wide) in paragraph at lines 29--30
 \OT1/cmr/m/it/10 Yuan 
 []


Overfull \hbox (18.7998pt too wide) in paragraph at lines 31--32
 []\OT1/cmr/bx/it/10 TA\OT1/cmr/m/it/10 : 
 []


Overfull \hbox (32.47757pt too wide) in paragraph at lines 31--32
 \OT1/cmr/m/it/10 Meiyun 
 []


Overfull \hbox (18.0089pt too wide) in paragraph at lines 31--32
 \OT1/cmr/m/it/10 Cao 
 []


Overfull \hbox (39.43848pt too wide) in paragraph at lines 33--34
 []\OT1/cmr/bx/it/10 Section\OT1/cmr/m/it/10 : 
 []


Overfull \hbox (11.57773pt too wide) in paragraph at lines 33--34
 \OT1/cmr/m/it/10 45 
 []


Overfull \hbox (33.40517pt too wide) in paragraph at lines 37--37
 []\OT1/cmr/bx/it/10 Sayeed 
 []


Overfull \hbox (41.44954pt too wide) in paragraph at lines 37--37
 \OT1/cmr/bx/it/10 Ahamad 
 []


Overfull \hbox (8.85545pt too wide) in paragraph at lines 37--37
 []\OT1/cmr/bx/it/10 & 
 []


Overfull \hbox (21.86641pt too wide) in paragraph at lines 37--38
 []\OT1/cmr/bx/it/10 Tobi 
 []


Overfull \hbox (23.35536pt too wide) in paragraph at lines 37--38
 \OT1/cmr/bx/it/10 Ibiy- 
 []


Overfull \hbox (17.11095pt too wide) in paragraph at lines 37--38
 \OT1/cmr/bx/it/10 eye 
 []

! Undefined control sequence.
l.41         \Large
                   
The control sequence at the end of the top line
of your error message was never \def'ed. If you have
misspelled it (e.g., `\hobx'), type `I' and the correct
spelling (e.g., `I\hbox'). Otherwise just continue,
and I'll forget about whatever was undefined.

! Undefined control sequence.
l.47 		\Large
             		
The control sequence at the end of the top line
of your error message was never \def'ed. If you have
misspelled it (e.g., `\hobx'), type `I' and the correct
spelling (e.g., `I\hbox'). Otherwise just continue,
and I'll forget about whatever was undefined.


Overfull \hbox (38.13849pt too wide) in paragraph at lines 51--52
 []\OT1/cmr/bx/it/10 Student 
 []


Overfull \hbox (28.75528pt too wide) in paragraph at lines 51--52
 \OT1/cmr/bx/it/10 Num- 
 []


Overfull \hbox (18.13872pt too wide) in paragraph at lines 51--52
 \OT1/cmr/bx/it/10 ber\OT1/cmr/m/it/10 : 
 []


Overfull \hbox (45.99976pt too wide) in paragraph at lines 51--52
 \OT1/cmr/m/it/10 501209136 
 []


Overfull \hbox (7.66663pt too wide) in paragraph at lines 51--52
 \OT1/cmr/m/it/10 & 
 []


Overfull \hbox (11.57773pt too wide) in paragraph at lines 51--52
 \OT1/cmr/m/it/10 50 
 []

! Undefined control sequence.
l.55         \Large
                   
The control sequence at the end of the top line
of your error message was never \def'ed. If you have
misspelled it (e.g., `\hobx'), type `I' and the correct
spelling (e.g., `I\hbox'). Otherwise just continue,
and I'll forget about whatever was undefined.


! LaTeX Error: \begin{document} ended by \end{titlepage}.

See the LaTeX manual or LaTeX Companion for explanation.
Type  H <return>  for immediate help.
 ...                                              
                                                  
l.63 \end{titlepage}
                    
Your command was ignored.
Type  I <command> <return>  to replace it with another command,
or  <return>  to continue without it.

)
! Emergency stop.
<*> "Title Page Uni.tex"
                        
*** (job aborted, no legal \end found)

 
Here is how much of TeX's memory you used:
 22 strings out of 480129
 489 string characters out of 5893409
 285356 words of memory out of 5000000
 18080 multiletter control sequences out of 15000+600000
 469964 words of font info for 30 fonts, out of 8000000 for 9000
 81 hyphenation exceptions out of 8191
 16i,1n,12p,219b,164s stack positions out of 5000i,500n,10000p,200000b,80000s
!  ==> Fatal error occurred, no output PDF file produced!
