This is pdfTeX, Version 3.141592653-2.6-1.40.23 (MiKTeX 21.8) (preloaded format=pdflatex 2021.8.23)  4 DEC 2021 20:04
entering extended mode
**"./Title Page v2.tex"
(Title Page v2.tex
LaTeX2e <2021-06-01> patch level 1
L3 programming layer <2021-07-12>

! LaTeX Error: Environment titlepage undefined.

See the LaTeX manual or LaTeX Companion for explanation.
Type  H <return>  for immediate help.
 ...                                              
                                                  
l.3 \begin{titlepage}
                     
Your command was ignored.
Type  I <command> <return>  to replace it with another command,
or  <return>  to continue without it.


! LaTeX Error: Missing \begin{document}.

See the LaTeX manual or LaTeX Companion for explanation.
Type  H <return>  for immediate help.
 ...                                              
                                                  
l.4     \begin{center}
                      
You're in trouble here.  Try typing  <return>  to proceed.
If that doesn't work, type  X <return>  to quit.


Overfull \hbox (20.0pt too wide) in paragraph at lines 4--4
[] 
 []

! Undefined control sequence.
l.10         \huge
                  
The control sequence at the end of the top line
of your error message was never \def'ed. If you have
misspelled it (e.g., `\hobx'), type `I' and the correct
spelling (e.g., `I\hbox'). Otherwise just continue,
and I'll forget about whatever was undefined.


Overfull \hbox (15.13315pt too wide) in paragraph at lines 12--13
 \OT1/cmr/bx/it/10 EE 
 []


Overfull \hbox (18.11095pt too wide) in paragraph at lines 12--13
 \OT1/cmr/bx/it/10 Ver 
 []


Overfull \hbox (22.6053pt too wide) in paragraph at lines 12--13
 \OT1/cmr/bx/it/10 1.07 
 []

! Misplaced \noalign.
\hline ->\noalign 
                  {\ifnum 0=`}\fi \hrule \@height \arrayrulewidth \futurelet...
l.16         \hline
                   
I expect to see \noalign only after the \cr of
an alignment. Proceed, and I'll ignore this case.


Overfull \hbox (19.19421pt too wide) in paragraph at lines 20--21
 []\OT1/cmr/bx/it/10 The 
 []


Overfull \hbox (18.5165pt too wide) in paragraph at lines 20--21
 \OT1/cmr/bx/it/10 Dy- 
 []


Overfull \hbox (25.99974pt too wide) in paragraph at lines 20--21
 \OT1/cmr/bx/it/10 nam- 
 []


Overfull \hbox (13.74709pt too wide) in paragraph at lines 20--21
 \OT1/cmr/bx/it/10 ics 
 []


Overfull \hbox (9.91106pt too wide) in paragraph at lines 20--21
 \OT1/cmr/bx/it/10 of 
 []


Overfull \hbox (15.08316pt too wide) in paragraph at lines 20--21
 \OT1/cmr/bx/it/10 the 
 []


Overfull \hbox (25.45805pt too wide) in paragraph at lines 20--21
 \OT1/cmr/bx/it/10 Elas- 
 []


Overfull \hbox (12.72765pt too wide) in paragraph at lines 20--21
 \OT1/cmr/bx/it/10 tic 
 []


Overfull \hbox (23.83864pt too wide) in paragraph at lines 20--21
 \OT1/cmr/bx/it/10 Pen- 
 []


Overfull \hbox (16.26094pt too wide) in paragraph at lines 20--21
 \OT1/cmr/bx/it/10 du- 
 []


Overfull \hbox (19.55908pt too wide) in paragraph at lines 20--21
 \OT1/cmr/bx/it/10 lum 
 []

! Undefined control sequence.
l.24         \LARGE
                   
The control sequence at the end of the top line
of your error message was never \def'ed. If you have
misspelled it (e.g., `\hobx'), type `I' and the correct
spelling (e.g., `I\hbox'). Otherwise just continue,
and I'll forget about whatever was undefined.


Overfull \hbox (22.54977pt too wide) in paragraph at lines 26--27
 []\OT1/cmr/bx/it/10 How 
 []


Overfull \hbox (21.42474pt too wide) in paragraph at lines 26--27
 \OT1/cmr/bx/it/10 does 
 []


Overfull \hbox (15.08316pt too wide) in paragraph at lines 26--27
 \OT1/cmr/bx/it/10 the 
 []


Overfull \hbox (34.2885pt too wide) in paragraph at lines 26--27
 \OT1/cmr/bx/it/10 change 
 []


Overfull \hbox (10.05547pt too wide) in paragraph at lines 26--27
 \OT1/cmr/bx/it/10 in 
 []


Overfull \hbox (15.08316pt too wide) in paragraph at lines 26--27
 \OT1/cmr/bx/it/10 the 
 []


Overfull \hbox (24.82196pt too wide) in paragraph at lines 26--27
 \OT1/cmr/bx/it/10 mag- 
 []


Overfull \hbox (14.19987pt too wide) in paragraph at lines 26--27
 \OT1/cmr/bx/it/10 ni- 
 []


Overfull \hbox (21.28865pt too wide) in paragraph at lines 26--27
 \OT1/cmr/bx/it/10 tude 
 []


Overfull \hbox (9.91106pt too wide) in paragraph at lines 26--27
 \OT1/cmr/bx/it/10 of 
 []


Overfull \hbox (15.08316pt too wide) in paragraph at lines 26--27
 \OT1/cmr/bx/it/10 the 
 []


Overfull \hbox (25.0942pt too wide) in paragraph at lines 26--27
 \OT1/cmr/bx/it/10 mass 
 []


Overfull \hbox (14.05547pt too wide) in paragraph at lines 26--27
 \OT1/cmr/bx/it/10 af- 
 []


Overfull \hbox (17.9054pt too wide) in paragraph at lines 26--27
 \OT1/cmr/bx/it/10 fect 
 []


Overfull \hbox (15.08316pt too wide) in paragraph at lines 26--27
 \OT1/cmr/bx/it/10 the 
 []


Overfull \hbox (19.4998pt too wide) in paragraph at lines 26--27
 \OT1/cmr/bx/it/10 mo- 
 []


Overfull \hbox (19.81647pt too wide) in paragraph at lines 26--27
 \OT1/cmr/bx/it/10 tion 
 []


Overfull \hbox (9.91106pt too wide) in paragraph at lines 26--27
 \OT1/cmr/bx/it/10 of 
 []


Overfull \hbox (5.91104pt too wide) in paragraph at lines 26--27
 \OT1/cmr/bx/it/10 a 
 []


Overfull \hbox (40.0773pt too wide) in paragraph at lines 26--27
 \OT1/cmr/bx/it/10 Damped 
 []


Overfull \hbox (25.45805pt too wide) in paragraph at lines 26--27
 \OT1/cmr/bx/it/10 Elas- 
 []


Overfull \hbox (12.72765pt too wide) in paragraph at lines 26--27
 \OT1/cmr/bx/it/10 tic 
 []


Overfull \hbox (24.03313pt too wide) in paragraph at lines 26--27
 \OT1/cmr/bx/it/10 Har- 
 []


Overfull \hbox (30.73302pt too wide) in paragraph at lines 26--27
 \OT1/cmr/bx/it/10 monic 
 []


Overfull \hbox (17.5637pt too wide) in paragraph at lines 26--27
 \OT1/cmr/bx/it/10 Os- 
 []


Overfull \hbox (15.98872pt too wide) in paragraph at lines 26--27
 \OT1/cmr/bx/it/10 cil- 
 []


Overfull \hbox (13.02208pt too wide) in paragraph at lines 26--27
 \OT1/cmr/bx/it/10 la- 
 []


Overfull \hbox (20.68869pt too wide) in paragraph at lines 26--27
 \OT1/cmr/bx/it/10 tor? 
 []

! Undefined control sequence.
l.30         \Large
                   
The control sequence at the end of the top line
of your error message was never \def'ed. If you have
misspelled it (e.g., `\hobx'), type `I' and the correct
spelling (e.g., `I\hbox'). Otherwise just continue,
and I'll forget about whatever was undefined.


Overfull \hbox (27.84972pt too wide) in paragraph at lines 32--33
 []\OT1/cmr/bx/it/10 Word 
 []


Overfull \hbox (33.79965pt too wide) in paragraph at lines 32--33
 \OT1/cmr/bx/it/10 Count\OT1/cmr/m/it/10 : 
 []


Overfull \hbox (21.7999pt too wide) in paragraph at lines 32--33
 \OT1/cmr/m/it/10 3880 
 []

! Undefined control sequence.
l.36 		\Large
             		
The control sequence at the end of the top line
of your error message was never \def'ed. If you have
misspelled it (e.g., `\hobx'), type `I' and the correct
spelling (e.g., `I\hbox'). Otherwise just continue,
and I'll forget about whatever was undefined.


Overfull \hbox (57.99379pt too wide) in paragraph at lines 38--39
 []\OT1/cmr/bx/it/10 Mohammed 
 []


Overfull \hbox (22.17201pt too wide) in paragraph at lines 38--39
 \OT1/cmr/bx/it/10 Say- 
 []


Overfull \hbox (15.37756pt too wide) in paragraph at lines 38--39
 \OT1/cmr/bx/it/10 eed 
 []


Overfull \hbox (42.53568pt too wide) in paragraph at lines 38--39
 \OT1/cmr/bx/it/10 Ahamad 
 []

! Undefined control sequence.
l.42         \Large
                   
The control sequence at the end of the top line
of your error message was never \def'ed. If you have
misspelled it (e.g., `\hobx'), type `I' and the correct
spelling (e.g., `I\hbox'). Otherwise just continue,
and I'll forget about whatever was undefined.


Overfull \hbox (29.1608pt too wide) in paragraph at lines 44--45
 []\OT1/cmr/bx/it/10 Batch 
 []


Overfull \hbox (9.91106pt too wide) in paragraph at lines 44--45
 \OT1/cmr/bx/it/10 of 
 []


Overfull \hbox (24.96082pt too wide) in paragraph at lines 44--45
 \OT1/cmr/bx/it/10 2022 
 []

! Misplaced \noalign.
\hline ->\noalign 
                  {\ifnum 0=`}\fi \hrule \@height \arrayrulewidth \futurelet...
l.48         \hline
                   
I expect to see \noalign only after the \cr of
an alignment. Proceed, and I'll ignore this case.


! LaTeX Error: \begin{document} ended by \end{titlepage}.

See the LaTeX manual or LaTeX Companion for explanation.
Type  H <return>  for immediate help.
 ...                                              
                                                  
l.52 \end{titlepage}
                    
Your command was ignored.
Type  I <command> <return>  to replace it with another command,
or  <return>  to continue without it.

)
! Emergency stop.
<*> "./Title Page v2.tex"
                         
*** (job aborted, no legal \end found)

 
Here is how much of TeX's memory you used:
 24 strings out of 478868
 588 string characters out of 2865271
 293248 words of memory out of 3000000
 18041 multiletter control sequences out of 15000+600000
 404135 words of font info for 29 fonts, out of 8000000 for 9000
 1141 hyphenation exceptions out of 8191
 15i,1n,12p,197b,164s stack positions out of 5000i,500n,10000p,200000b,80000s
!  ==> Fatal error occurred, no output PDF file produced!
