\BOOKMARK [0][-]{chapter.1}{\376\377\000I\000n\000t\000r\000o\000d\000u\000c\000t\000i\000o\000n}{}% 1
\BOOKMARK [0][-]{chapter.2}{\376\377\000C\000o\000m\000p\000o\000n\000e\000n\000t\000s}{}% 2
\BOOKMARK [1][-]{section.2.1}{\376\377\000I\000n\000p\000u\000t\000\040\000L\000a\000t\000c\000h\000s\000\040\000/\000\040\000R\000e\000g\000i\000s\000t\000e\000r\000s}{chapter.2}% 3
\BOOKMARK [2][-]{subsection.2.1.1}{\376\377\000D\000e\000s\000c\000r\000i\000p\000t\000i\000o\000n}{section.2.1}% 4
\BOOKMARK [2][-]{subsection.2.1.2}{\376\377\000T\000r\000u\000t\000h\000\040\000T\000a\000b\000l\000e}{section.2.1}% 5
\BOOKMARK [2][-]{subsection.2.1.3}{\376\377\000B\000l\000o\000c\000k\000\040\000D\000i\000a\000g\000r\000a\000m}{section.2.1}% 6
\BOOKMARK [2][-]{subsection.2.1.4}{\376\377\000T\000i\000m\000i\000n\000g\000\040\000D\000i\000a\000g\000r\000a\000m}{section.2.1}% 7
\BOOKMARK [1][-]{section.2.2}{\376\377\000C\000o\000n\000t\000r\000o\000l\000\040\000U\000n\000i\000t}{chapter.2}% 8
\BOOKMARK [2][-]{subsection.2.2.1}{\376\377\000F\000i\000n\000i\000t\000e\000\040\000S\000t\000a\000t\000e\000\040\000M\000a\000c\000h\000i\000n\000e}{section.2.2}% 9
\BOOKMARK [2][-]{subsection.2.2.2}{\376\377\0004\000:\0001\0006\000\040\000D\000e\000c\000o\000d\000e\000r}{section.2.2}% 10
\BOOKMARK [1][-]{section.2.3}{\376\377\000A\000r\000i\000t\000h\000m\000e\000t\000i\000c\000\040\000L\000o\000g\000i\000c\000\040\000U\000n\000i\000t}{chapter.2}% 11
\BOOKMARK [2][-]{subsection.2.3.1}{\376\377\000D\000e\000s\000c\000r\000i\000p\000t\000i\000o\000n}{section.2.3}% 12
\BOOKMARK [2][-]{subsection.2.3.2}{\376\377\000T\000r\000u\000t\000h\000\040\000T\000a\000b\000l\000e}{section.2.3}% 13
\BOOKMARK [2][-]{subsection.2.3.3}{\376\377\000B\000l\000o\000c\000k\000\040\000D\000i\000a\000g\000r\000a\000m}{section.2.3}% 14
\BOOKMARK [2][-]{subsection.2.3.4}{\376\377\000T\000i\000m\000i\000n\000g\000\040\000D\000i\000a\000g\000r\000a\000m}{section.2.3}% 15
\BOOKMARK [1][-]{section.2.4}{\376\377\000S\000e\000v\000e\000n\000\040\000S\000e\000g\000m\000e\000n\000t\000\040\000D\000i\000s\000p\000l\000a\000y\000\040\000U\000n\000i\000t}{chapter.2}% 16
\BOOKMARK [2][-]{subsection.2.4.1}{\376\377\000D\000e\000s\000c\000r\000i\000p\000t\000i\000o\000n}{section.2.4}% 17
\BOOKMARK [2][-]{subsection.2.4.2}{\376\377\000T\000r\000u\000t\000h\000\040\000T\000a\000b\000l\000e}{section.2.4}% 18
\BOOKMARK [2][-]{subsection.2.4.3}{\376\377\000B\000l\000o\000c\000k\000\040\000D\000i\000a\000g\000r\000a\000m}{section.2.4}% 19
\BOOKMARK [0][-]{chapter.3}{\376\377\000L\000o\000g\000i\000c\000\040\000C\000i\000r\000c\000u\000i\000t\000\040\000D\000i\000a\000g\000r\000a\000m}{}% 20
\BOOKMARK [0][-]{chapter.4}{\376\377\000P\000r\000o\000b\000l\000e\000m\000\040\000S\000e\000t\000s}{}% 21
\BOOKMARK [1][-]{section.4.1}{\376\377\000G\000e\000n\000e\000r\000a\000l\000\040\000A\000r\000i\000t\000h\000m\000e\000t\000i\000c\000\040\000P\000r\000o\000c\000e\000s\000s\000o\000r\000\040\000U\000n\000i\000t}{chapter.4}% 22
\BOOKMARK [1][-]{section.4.2}{\376\377\000M\000o\000d\000i\000f\000i\000e\000d\000\040\000A\000r\000i\000t\000h\000m\000e\000t\000i\000c\000\040\000L\000o\000g\000i\000c\000\040\000U\000n\000i\000t}{chapter.4}% 23
\BOOKMARK [1][-]{section.4.3}{\376\377\000M\000o\000d\000i\000f\000i\000e\000d\000\040\000C\000o\000n\000t\000r\000o\000l\000\040\000U\000n\000i\000t}{chapter.4}% 24
\BOOKMARK [0][-]{chapter.5}{\376\377\000C\000o\000n\000c\000l\000u\000s\000i\000o\000n}{}% 25
\BOOKMARK [0][-]{chapter.5}{\376\377\000B\000i\000b\000l\000i\000o\000g\000r\000a\000p\000h\000y}{}% 26
