\BOOKMARK [0][-]{chapter.1}{\376\377\000I\000n\000t\000r\000o\000d\000u\000c\000t\000i\000o\000n}{}% 1
\BOOKMARK [0][-]{chapter.2}{\376\377\000C\000i\000r\000c\000u\000i\000t\000\040\000D\000i\000a\000g\000r\000a\000m}{}% 2
\BOOKMARK [0][-]{chapter.3}{\376\377\000S\000u\000m\000m\000a\000r\000y\000\040\000o\000f\000\040\000C\000a\000l\000c\000u\000l\000a\000t\000i\000o\000n\000s}{}% 3
\BOOKMARK [0][-]{chapter.4}{\376\377\000D\000e\000s\000i\000g\000n\000\040\000J\000u\000s\000t\000i\000f\000i\000c\000a\000t\000i\000o\000n\000s}{}% 4
\BOOKMARK [1][-]{section.4.1}{\376\377\000O\000v\000e\000r\000a\000l\000l\000\040\000P\000r\000o\000c\000e\000s\000s}{chapter.4}% 5
\BOOKMARK [1][-]{section.4.2}{\376\377\000R\000e\000s\000i\000s\000t\000o\000r\000s}{chapter.4}% 6
\BOOKMARK [1][-]{section.4.3}{\376\377\000C\000a\000p\000a\000c\000i\000t\000o\000r\000s}{chapter.4}% 7
\BOOKMARK [0][-]{chapter.5}{\376\377\000E\000x\000p\000e\000r\000i\000m\000e\000n\000t\000a\000l\000\040\000R\000e\000s\000u\000l\000t\000s}{}% 8
\BOOKMARK [0][-]{chapter.6}{\376\377\000C\000o\000n\000c\000l\000u\000s\000i\000o\000n}{}% 9
\BOOKMARK [0][-]{appendix.A}{\376\377\000M\000a\000n\000u\000a\000l\000\040\000C\000a\000l\000c\000u\000l\000a\000t\000i\000o\000n\000s}{}% 10
\BOOKMARK [1][-]{section.A.1}{\376\377\000K\000n\000o\000w\000n\000\040\000V\000a\000l\000u\000e\000s}{appendix.A}% 11
\BOOKMARK [1][-]{section.A.2}{\376\377\000C\000o\000m\000m\000o\000n\000\040\000C\000o\000l\000l\000e\000c\000t\000o\000r\000\040\000\050\000C\000C\000\051\000\040\000S\000t\000a\000g\000e}{appendix.A}% 12
\BOOKMARK [1][-]{section.A.3}{\376\377\000S\000t\000a\000g\000e\000s\000\040\0001\000\040\000a\000n\000d\000\040\0002\000\040\000\050\000C\000o\000m\000m\000o\000n\000\040\000E\000m\000i\000t\000t\000e\000r\000\051}{appendix.A}% 13
\BOOKMARK [1][-]{section.A.4}{\376\377\000S\000t\000a\000g\000e\000\040\0003\000\040\000\050\000C\000o\000m\000m\000o\000n\000\040\000C\000o\000l\000l\000e\000c\000t\000o\000r\000\051}{appendix.A}% 14
\BOOKMARK [1][-]{section.A.5}{\376\377\000K\000C\000L\000\040\000a\000t\000\040\000V\000s}{appendix.A}% 15
\BOOKMARK [1][-]{section.A.6}{\376\377\000A\000s\000s\000u\000m\000p\000t\000i\000o\000n\000s}{appendix.A}% 16
\BOOKMARK [1][-]{section.A.7}{\376\377\000S\000t\000a\000g\000e\000\040\0002\000\040\000\050\000C\000E\000\051}{appendix.A}% 17
\BOOKMARK [1][-]{section.A.8}{\376\377\000V\000o\000l\000t\000a\000g\000e\000\040\000G\000a\000i\000n\000\040\000a\000n\000d\000\040\000R\000e\000s\000i\000s\000t\000a\000n\000c\000e\000\040\000C\000a\000l\000c\000u\000l\000a\000t\000i\000o\000n\000s}{appendix.A}% 18
\BOOKMARK [1][-]{section.A.9}{\376\377\000F\000i\000n\000d\000i\000n\000g\000\040\000R\000E\0004\000\040\000f\000o\000r\000\040\000S\000t\000a\000g\000e\000\040\0002}{appendix.A}% 19
\BOOKMARK [1][-]{section.A.10}{\376\377\000B\000i\000a\000s\000i\000n\000g\000\040\000R\000e\000s\000i\000s\000t\000o\000r\000s}{appendix.A}% 20
\BOOKMARK [1][-]{section.A.11}{\376\377\000A\000p\000p\000l\000y\000i\000n\000g\000\040\000K\000C\000L\000\040\000a\000t\000\040\000V\0003}{appendix.A}% 21
\BOOKMARK [1][-]{section.A.12}{\376\377\000S\000t\000a\000g\000e\000\040\0001\000\040\000\050\000A\000n\000o\000t\000h\000e\000r\000\040\000C\000E\000\051}{appendix.A}% 22
\BOOKMARK [1][-]{section.A.13}{\376\377\000A\000p\000p\000l\000y\000i\000n\000g\000\040\000K\000C\000L\000,\000\040\000S\000o\000l\000v\000i\000n\000g\000\040\000f\000o\000r\000\040\000R\0002}{appendix.A}% 23
\BOOKMARK [1][-]{section.A.14}{\376\377\000F\000i\000n\000a\000l\000\040\000C\000a\000l\000c\000u\000l\000a\000t\000i\000o\000n\000\040\000f\000o\000r\000\040\000R\000i\000n}{appendix.A}% 24
\BOOKMARK [1][-]{section.A.15}{\376\377\000C\000a\000p\000a\000c\000i\000t\000o\000r\000\040\000V\000a\000l\000u\000e\000s\000\040\000a\000n\000d\000\040\000Q\000u\000i\000e\000s\000c\000e\000n\000t\000\040\000C\000u\000r\000r\000e\000n\000t\000\040\000C\000a\000l\000c\000u\000l\000a\000t\000i\000o\000n}{appendix.A}% 25
\BOOKMARK [1][-]{section.A.16}{\376\377\000F\000r\000e\000q\000u\000e\000n\000c\000y\000\040\000R\000a\000n\000g\000e\000\040\000a\000n\000d\000\040\000I\000m\000p\000e\000d\000a\000n\000c\000e\000\040\000C\000a\000l\000c\000u\000l\000a\000t\000i\000o\000n\000s}{appendix.A}% 26
\BOOKMARK [2][-]{subsection.A.16.1}{\376\377\000W\000o\000r\000s\000t\000\040\000C\000a\000s\000e}{section.A.16}% 27
\BOOKMARK [2][-]{subsection.A.16.2}{\376\377\000B\000e\000s\000t\000\040\000C\000a\000s\000e}{section.A.16}% 28
\BOOKMARK [2][-]{subsection.A.16.3}{\376\377\000A\000n\000\040\000A\000v\000e\000r\000a\000g\000e\000\040\000C\000a\000s\000e\000\040\000\050\000U\000s\000i\000n\000g\000\040\0001\000k\000H\000z\000\040\000a\000s\000\040\000a\000\040\000R\000e\000q\000u\000i\000r\000e\000m\000e\000n\000t\000\040\000f\000r\000o\000m\000\040\000t\000h\000e\000\040\000M\000a\000n\000u\000a\000l\000\051}{section.A.16}% 29
\BOOKMARK [1][-]{section.A.17}{\376\377\000F\000i\000n\000a\000l\000\040\000G\000a\000i\000n\000s}{appendix.A}% 30
\BOOKMARK [1][-]{section.A.18}{\376\377\000Q\000u\000i\000e\000s\000c\000e\000n\000t\000\040\000C\000u\000r\000r\000e\000n\000t\000\040\000C\000a\000l\000c\000u\000l\000a\000t\000i\000o\000n}{appendix.A}% 31
